{"/Users/stephanelondo/projects/coding-challenge/lib/log-source.js": {"path":"/Users/stephanelondo/projects/coding-challenge/lib/log-source.js","statementMap":{"0":{"start":{"line":3,"column":10},"end":{"line":3,"column":27}},"1":{"start":{"line":4,"column":14},"end":{"line":4,"column":30}},"2":{"start":{"line":5,"column":10},"end":{"line":5,"column":29}},"3":{"start":{"line":14,"column":0},"end":{"line":49,"column":2}},"4":{"start":{"line":16,"column":4},"end":{"line":16,"column":25}},"5":{"start":{"line":17,"column":4},"end":{"line":20,"column":6}},"6":{"start":{"line":24,"column":4},"end":{"line":31,"column":6}},"7":{"start":{"line":35,"column":4},"end":{"line":35,"column":48}},"8":{"start":{"line":36,"column":4},"end":{"line":38,"column":5}},"9":{"start":{"line":37,"column":6},"end":{"line":37,"column":26}},"10":{"start":{"line":39,"column":4},"end":{"line":39,"column":44}},"11":{"start":{"line":43,"column":4},"end":{"line":43,"column":48}},"12":{"start":{"line":44,"column":4},"end":{"line":46,"column":5}},"13":{"start":{"line":45,"column":6},"end":{"line":45,"column":26}},"14":{"start":{"line":47,"column":4},"end":{"line":47,"column":79}},"15":{"start":{"line":47,"column":44},"end":{"line":47,"column":76}}},"fnMap":{"0":{"name":"(anonymous_0)","decl":{"start":{"line":15,"column":2},"end":{"line":15,"column":3}},"loc":{"start":{"line":15,"column":16},"end":{"line":21,"column":3}},"line":15},"1":{"name":"(anonymous_1)","decl":{"start":{"line":23,"column":2},"end":{"line":23,"column":3}},"loc":{"start":{"line":23,"column":29},"end":{"line":32,"column":3}},"line":23},"2":{"name":"(anonymous_2)","decl":{"start":{"line":34,"column":2},"end":{"line":34,"column":3}},"loc":{"start":{"line":34,"column":8},"end":{"line":40,"column":3}},"line":34},"3":{"name":"(anonymous_3)","decl":{"start":{"line":42,"column":2},"end":{"line":42,"column":3}},"loc":{"start":{"line":42,"column":13},"end":{"line":48,"column":3}},"line":42},"4":{"name":"(anonymous_4)","decl":{"start":{"line":47,"column":37},"end":{"line":47,"column":38}},"loc":{"start":{"line":47,"column":44},"end":{"line":47,"column":76}},"line":47}},"branchMap":{"0":{"loc":{"start":{"line":36,"column":4},"end":{"line":38,"column":5}},"type":"if","locations":[{"start":{"line":36,"column":4},"end":{"line":38,"column":5}},{"start":{"line":36,"column":4},"end":{"line":38,"column":5}}],"line":36},"1":{"loc":{"start":{"line":39,"column":11},"end":{"line":39,"column":43}},"type":"cond-expr","locations":[{"start":{"line":39,"column":26},"end":{"line":39,"column":31}},{"start":{"line":39,"column":34},"end":{"line":39,"column":43}}],"line":39},"2":{"loc":{"start":{"line":44,"column":4},"end":{"line":46,"column":5}},"type":"if","locations":[{"start":{"line":44,"column":4},"end":{"line":46,"column":5}},{"start":{"line":44,"column":4},"end":{"line":46,"column":5}}],"line":44},"3":{"loc":{"start":{"line":47,"column":44},"end":{"line":47,"column":76}},"type":"cond-expr","locations":[{"start":{"line":47,"column":59},"end":{"line":47,"column":64}},{"start":{"line":47,"column":67},"end":{"line":47,"column":76}}],"line":47}},"s":{"0":1,"1":1,"2":1,"3":1,"4":2,"5":2,"6":6,"7":3,"8":3,"9":1,"10":3,"11":3,"12":3,"13":1,"14":3,"15":3},"f":{"0":2,"1":6,"2":3,"3":3,"4":3},"b":{"0":[1,2],"1":[1,2],"2":[1,2],"3":[1,2]},"_coverageSchema":"1a1c01bbd47fc00a2c39e90264f33305004495a9","hash":"c247ec24ffc62de13c3fb335315e407de6e73a67"}
,"/Users/stephanelondo/projects/coding-challenge/solution/merge.js": {"path":"/Users/stephanelondo/projects/coding-challenge/solution/merge.js","statementMap":{"0":{"start":{"line":3,"column":0},"end":{"line":39,"column":2}},"1":{"start":{"line":10,"column":17},"end":{"line":10,"column":61}},"2":{"start":{"line":11,"column":2},"end":{"line":13,"column":3}},"3":{"start":{"line":12,"column":4},"end":{"line":12,"column":22}},"4":{"start":{"line":14,"column":20},"end":{"line":14,"column":33}},"5":{"start":{"line":15,"column":15},"end":{"line":15,"column":43}},"6":{"start":{"line":16,"column":14},"end":{"line":16,"column":41}},"7":{"start":{"line":17,"column":16},"end":{"line":17,"column":45}},"8":{"start":{"line":19,"column":2},"end":{"line":25,"column":3}},"9":{"start":{"line":20,"column":4},"end":{"line":24,"column":6}},"10":{"start":{"line":27,"column":2},"end":{"line":33,"column":3}},"11":{"start":{"line":28,"column":4},"end":{"line":32,"column":6}},"12":{"start":{"line":34,"column":2},"end":{"line":38,"column":3}},"13":{"start":{"line":35,"column":4},"end":{"line":35,"column":62}},"14":{"start":{"line":37,"column":4},"end":{"line":37,"column":67}}},"fnMap":{"0":{"name":"merge","decl":{"start":{"line":3,"column":26},"end":{"line":3,"column":31}},"loc":{"start":{"line":8,"column":2},"end":{"line":39,"column":1}},"line":8}},"branchMap":{"0":{"loc":{"start":{"line":6,"column":2},"end":{"line":6,"column":15}},"type":"default-arg","locations":[{"start":{"line":6,"column":14},"end":{"line":6,"column":15}}],"line":6},"1":{"loc":{"start":{"line":7,"column":2},"end":{"line":7,"column":38}},"type":"default-arg","locations":[{"start":{"line":7,"column":15},"end":{"line":7,"column":38}}],"line":7},"2":{"loc":{"start":{"line":11,"column":2},"end":{"line":13,"column":3}},"type":"if","locations":[{"start":{"line":11,"column":2},"end":{"line":13,"column":3}},{"start":{"line":11,"column":2},"end":{"line":13,"column":3}}],"line":11},"3":{"loc":{"start":{"line":19,"column":2},"end":{"line":25,"column":3}},"type":"if","locations":[{"start":{"line":19,"column":2},"end":{"line":25,"column":3}},{"start":{"line":19,"column":2},"end":{"line":25,"column":3}}],"line":19},"4":{"loc":{"start":{"line":27,"column":2},"end":{"line":33,"column":3}},"type":"if","locations":[{"start":{"line":27,"column":2},"end":{"line":33,"column":3}},{"start":{"line":27,"column":2},"end":{"line":33,"column":3}}],"line":27},"5":{"loc":{"start":{"line":34,"column":2},"end":{"line":38,"column":3}},"type":"if","locations":[{"start":{"line":34,"column":2},"end":{"line":38,"column":3}},{"start":{"line":34,"column":2},"end":{"line":38,"column":3}}],"line":34}},"s":{"0":1,"1":6,"2":6,"3":1,"4":5,"5":5,"6":5,"7":5,"8":5,"9":2,"10":3,"11":1,"12":2,"13":1,"14":1},"f":{"0":6},"b":{"0":[4],"1":[4],"2":[1,5],"3":[2,3],"4":[1,2],"5":[1,1]},"_coverageSchema":"1a1c01bbd47fc00a2c39e90264f33305004495a9","hash":"8248b1b00de9c52ace1044303b030bb9e6a147ea"}
}
