TN:
SF:lib/log-source.js
FN:15,(anonymous_0)
FN:23,(anonymous_1)
FN:34,(anonymous_2)
FN:42,(anonymous_3)
FN:47,(anonymous_4)
FNF:5
FNH:5
FNDA:2,(anonymous_0)
FNDA:6,(anonymous_1)
FNDA:3,(anonymous_2)
FNDA:3,(anonymous_3)
FNDA:3,(anonymous_4)
DA:3,1
DA:4,1
DA:5,1
DA:14,1
DA:16,2
DA:17,2
DA:24,6
DA:35,3
DA:36,3
DA:37,1
DA:39,3
DA:43,3
DA:44,3
DA:45,1
DA:47,3
LF:15
LH:15
BRDA:36,0,0,1
BRDA:36,0,1,2
BRDA:39,1,0,1
BRDA:39,1,1,2
BRDA:44,2,0,1
BRDA:44,2,1,2
BRDA:47,3,0,1
BRDA:47,3,1,2
BRF:8
BRH:8
end_of_record
TN:
SF:solution/merge.js
FN:3,merge
FNF:1
FNH:1
FNDA:6,merge
DA:3,1
DA:10,6
DA:11,6
DA:12,1
DA:14,5
DA:15,5
DA:16,5
DA:17,5
DA:19,5
DA:20,2
DA:27,3
DA:28,1
DA:34,2
DA:35,1
DA:37,1
LF:15
LH:15
BRDA:6,0,0,4
BRDA:7,1,0,4
BRDA:11,2,0,1
BRDA:11,2,1,5
BRDA:19,3,0,2
BRDA:19,3,1,3
BRDA:27,4,0,1
BRDA:27,4,1,2
BRDA:34,5,0,1
BRDA:34,5,1,1
BRF:10
BRH:10
end_of_record
